//:chunk_object_reader
//:clang-cl
//:object_buffer_pool
//:object_directory
//:object_manager
//:object_manager_common
//:object_manager_rpc
//:opt
//:ownership_based_object_directory
//:plasma_store_server_lib
//:pull_manager
//:push_manager
//:src/ray/object_manager/object_manager.cc
//:src/ray/object_manager/object_manager.h
//src/ray/common:asio
//src/ray/common:id
//src/ray/common:ray_config
//src/ray/common:status
//src/ray/protobuf:common_cc_proto
//src/ray/protobuf:node_manager_cc_proto
@bazel_tools//tools/cpp:current_cc_toolchain
@bazel_tools//tools/cpp:grep-includes
@bazel_tools//tools/def_parser:def_parser
@boost//:asio
@boost//:bind
@com_google_absl//absl/container:flat_hash_map
@com_google_absl//absl/container:flat_hash_set
@com_google_absl//absl/time:time
@platforms//os:windows
